{"C:\\Users\\okrug\\bionic-project\\safety.js": {"path":"C:\\Users\\okrug\\bionic-project\\safety.js","statementMap":{"0":{"start":{"line":2,"column":2},"end":{"line":2,"column":31}},"1":{"start":{"line":2,"column":14},"end":{"line":2,"column":31}},"2":{"start":{"line":3,"column":2},"end":{"line":3,"column":32}},"3":{"start":{"line":3,"column":16},"end":{"line":3,"column":32}},"4":{"start":{"line":4,"column":2},"end":{"line":4,"column":33}},"5":{"start":{"line":4,"column":16},"end":{"line":4,"column":33}},"6":{"start":{"line":5,"column":2},"end":{"line":5,"column":16}}},"fnMap":{"0":{"name":"analyzeSound","decl":{"start":{"line":1,"column":16},"end":{"line":1,"column":28}},"loc":{"start":{"line":1,"column":33},"end":{"line":6,"column":null}},"line":1}},"branchMap":{"0":{"loc":{"start":{"line":2,"column":2},"end":{"line":2,"column":31}},"type":"if","locations":[{"start":{"line":2,"column":2},"end":{"line":2,"column":31}},{"start":{},"end":{}}],"line":2},"1":{"loc":{"start":{"line":3,"column":2},"end":{"line":3,"column":32}},"type":"if","locations":[{"start":{"line":3,"column":2},"end":{"line":3,"column":32}},{"start":{},"end":{}}],"line":3},"2":{"loc":{"start":{"line":4,"column":2},"end":{"line":4,"column":33}},"type":"if","locations":[{"start":{"line":4,"column":2},"end":{"line":4,"column":33}},{"start":{},"end":{}}],"line":4}},"s":{"0":4,"1":1,"2":3,"3":1,"4":2,"5":2,"6":1},"f":{"0":4},"b":{"0":[1,3],"1":[1,2],"2":[1,1]},"meta":{"lastBranch":3,"lastFunction":1,"lastStatement":7,"seen":{"f:1:16:1:28":0,"b:2:2:2:31:undefined:undefined:undefined:undefined":0,"s:2:2:2:31":0,"s:2:14:2:31":1,"b:3:2:3:32:undefined:undefined:undefined:undefined":1,"s:3:2:3:32":2,"s:3:16:3:32":3,"b:4:2:4:33:undefined:undefined:undefined:undefined":2,"s:4:2:4:33":4,"s:4:16:4:33":5,"s:5:2:5:16":6}}}
}
